C51 COMPILER V9.53.0.0   TIMER_0                                                           10/26/2018 09:35:42 PAGE 1   


C51 COMPILER V9.53.0.0, COMPILATION OF MODULE TIMER_0
OBJECT MODULE PLACED IN TIMER_0.OBJ
COMPILER INVOKED BY: C:\Keil_v5\C51\BIN\C51.EXE TIMER_0.c OPTIMIZE(8,SPEED) BROWSE DEBUG OBJECTEXTEND TABS(2)

line level    source

   1          #include <regx51.h>
   2          void T0_delay(unsigned int i)
   3          {                        
   4   1        int c=0;
   5   1        while(c<i)
   6   1        {
   7   2          TMOD=0x01;      //Timer 0 is in use. 16-bit Timer Mode is selected.  
   8   2          TH0=0xFC;       //Load value for THx register
   9   2          TL0=0x66;       //Load value for TLx register
  10   2          TR0= 1;         //Run Timer-0
  11   2          while(!TF0);    //Poll TFx
  12   2          TR0=0;          //If TF=1 stop the timer by making TR=0
  13   2          TF0=0;          //Make TF=0 for next counting
  14   2          c++;
  15   2         }
  16   1      }
  17          
  18          void main()
  19          {
  20   1        P2=0x00;
  21   1        while(1)
  22   1        {
  23   2          P2 = 0X01;
  24   2          T0_delay(500);
  25   2          P2 = 0X00;    
  26   2          T0_delay(500);
  27   2        }
  28   1      }


MODULE INFORMATION:   STATIC OVERLAYABLE
   CODE SIZE        =     57    ----
   CONSTANT SIZE    =   ----    ----
   XDATA SIZE       =   ----    ----
   PDATA SIZE       =   ----    ----
   DATA SIZE        =   ----    ----
   IDATA SIZE       =   ----    ----
   BIT SIZE         =   ----    ----
END OF MODULE INFORMATION.


C51 COMPILATION COMPLETE.  0 WARNING(S),  0 ERROR(S)
